<?xml version="1.0" encoding="UTF-8"?>
<!-- Generated by org.testng.reporters.JUnitReportReporter -->
<testsuite skipped="0" hostname="LAPTOP-6KSVJ6TI" name="org.testing.TestScripts.TC6" tests="1" failures="0" timestamp="21 Apr 2020 17:57:43 GMT" time="7.590" errors="0">
  <testcase name="testCase6" time="7.590" classname="org.testing.TestScripts.TC6"/>
</testsuite> <!-- org.testing.TestScripts.TC6 -->
