<?xml version="1.0" encoding="UTF-8"?>
<!-- Generated by org.testng.reporters.JUnitReportReporter -->
<testsuite skipped="0" hostname="LAPTOP-6KSVJ6TI" name="org.testing.TestScripts.TC10" tests="1" failures="0" timestamp="21 Apr 2020 17:53:39 GMT" time="2.274" errors="0">
  <testcase name="testCase10" time="2.274" classname="org.testing.TestScripts.TC10"/>
</testsuite> <!-- org.testing.TestScripts.TC10 -->
