<?xml version="1.0" encoding="UTF-8"?>
<!-- Generated by org.testng.reporters.JUnitReportReporter -->
<testsuite skipped="0" hostname="LAPTOP-6KSVJ6TI" name="org.testing.TestScripts.TC4" tests="1" failures="0" timestamp="21 Apr 2020 17:53:39 GMT" time="0.079" errors="0">
  <testcase name="testCase4" time="0.079" classname="org.testing.TestScripts.TC4"/>
</testsuite> <!-- org.testing.TestScripts.TC4 -->
